[2m오전 3:36:44[22m [31m[1m[vite][22m[39m [31m[2m(client)[22m[39m Pre-transform error: Failed to resolve import "./pages/admin/CitizenSafeRoutePage" from "src/App.tsx". Does the file exist?
  Plugin: [35mvite:import-analysis[39m
  File: [36mC:/Users/Administrator/Desktop/ongil/src/App.tsx[39m:6:37
[33m  20 |  import { AdminRoutesPage } from "./pages/admin/AdminRoutesPage";
  21 |  import { AnalysisPage } from "./pages/admin/AnalysisPage";
  22 |  import { CitizenSafeRoutePage } from "./pages/admin/CitizenSafeRoutePage";
     |                                        ^
  23 |  import { FieldSurveyPage } from "./pages/admin/FieldSurveyPage";
  24 |  import { ImprovementsPage } from "./pages/admin/ImprovementsPage";[39m
[2m오전 3:36:45[22m [31m[1m[vite][22m[39m [31mInternal server error: Failed to resolve import "./pages/admin/CitizenSafeRoutePage" from "src/App.tsx". Does the file exist?[39m
  Plugin: [35mvite:import-analysis[39m
  File: [36mC:/Users/Administrator/Desktop/ongil/src/App.tsx[39m:6:37
[33m  20 |  import { AdminRoutesPage } from "./pages/admin/AdminRoutesPage";
  21 |  import { AnalysisPage } from "./pages/admin/AnalysisPage";
  22 |  import { CitizenSafeRoutePage } from "./pages/admin/CitizenSafeRoutePage";
     |                                        ^
  23 |  import { FieldSurveyPage } from "./pages/admin/FieldSurveyPage";
  24 |  import { ImprovementsPage } from "./pages/admin/ImprovementsPage";[39m
      at TransformPluginContext._formatLog (file:///C:/Users/Administrator/Desktop/ongil/node_modules/vite/dist/node/chunks/dep-Dm0c1Wj2.js:42658:41)
      at TransformPluginContext.error (file:///C:/Users/Administrator/Desktop/ongil/node_modules/vite/dist/node/chunks/dep-Dm0c1Wj2.js:42655:16)
      at normalizeUrl (file:///C:/Users/Administrator/Desktop/ongil/node_modules/vite/dist/node/chunks/dep-Dm0c1Wj2.js:40634:23)
      at process.processTicksAndRejections (node:internal/process/task_queues:104:5)
      at async file:///C:/Users/Administrator/Desktop/ongil/node_modules/vite/dist/node/chunks/dep-Dm0c1Wj2.js:40753:37
      at async Promise.all (index 8)
      at async TransformPluginContext.transform (file:///C:/Users/Administrator/Desktop/ongil/node_modules/vite/dist/node/chunks/dep-Dm0c1Wj2.js:40680:7)
      at async EnvironmentPluginContainer.transform (file:///C:/Users/Administrator/Desktop/ongil/node_modules/vite/dist/node/chunks/dep-Dm0c1Wj2.js:42453:18)
      at async loadAndTransform (file:///C:/Users/Administrator/Desktop/ongil/node_modules/vite/dist/node/chunks/dep-Dm0c1Wj2.js:35845:27)
      at async viteTransformMiddleware (file:///C:/Users/Administrator/Desktop/ongil/node_modules/vite/dist/node/chunks/dep-Dm0c1Wj2.js:37369:24)
[2m오전 3:36:46[22m [31m[1m[vite][22m[39m [31mInternal server error: Failed to resolve import "./pages/admin/CitizenSafeRoutePage" from "src/App.tsx". Does the file exist?[39m
  Plugin: [35mvite:import-analysis[39m
  File: [36mC:/Users/Administrator/Desktop/ongil/src/App.tsx[39m:6:37
[33m  20 |  import { AdminRoutesPage } from "./pages/admin/AdminRoutesPage";
  21 |  import { AnalysisPage } from "./pages/admin/AnalysisPage";
  22 |  import { CitizenSafeRoutePage } from "./pages/admin/CitizenSafeRoutePage";
     |                                        ^
  23 |  import { FieldSurveyPage } from "./pages/admin/FieldSurveyPage";
  24 |  import { ImprovementsPage } from "./pages/admin/ImprovementsPage";[39m
      at TransformPluginContext._formatLog (file:///C:/Users/Administrator/Desktop/ongil/node_modules/vite/dist/node/chunks/dep-Dm0c1Wj2.js:42658:41)
      at TransformPluginContext.error (file:///C:/Users/Administrator/Desktop/ongil/node_modules/vite/dist/node/chunks/dep-Dm0c1Wj2.js:42655:16)
      at normalizeUrl (file:///C:/Users/Administrator/Desktop/ongil/node_modules/vite/dist/node/chunks/dep-Dm0c1Wj2.js:40634:23)
      at process.processTicksAndRejections (node:internal/process/task_queues:104:5)
      at async file:///C:/Users/Administrator/Desktop/ongil/node_modules/vite/dist/node/chunks/dep-Dm0c1Wj2.js:40753:37
      at async Promise.all (index 8)
      at async TransformPluginContext.transform (file:///C:/Users/Administrator/Desktop/ongil/node_modules/vite/dist/node/chunks/dep-Dm0c1Wj2.js:40680:7)
      at async EnvironmentPluginContainer.transform (file:///C:/Users/Administrator/Desktop/ongil/node_modules/vite/dist/node/chunks/dep-Dm0c1Wj2.js:42453:18)
      at async loadAndTransform (file:///C:/Users/Administrator/Desktop/ongil/node_modules/vite/dist/node/chunks/dep-Dm0c1Wj2.js:35845:27)
      at async viteTransformMiddleware (file:///C:/Users/Administrator/Desktop/ongil/node_modules/vite/dist/node/chunks/dep-Dm0c1Wj2.js:37369:24)
