
> busan-ongil-ai@0.1.0 dev
> vite --host 0.0.0.0 --port 5178


  [32m[1mVITE[22m v6.4.3[39m  [2mready in [0m[1m347[22m[2m[0m ms[22m

  [32m➜[39m  [1mLocal[22m:   [36mhttp://localhost:[1m5178[22m/[39m
  [32m➜[39m  [1mNetwork[22m: [36mhttp://211.245.225.84:[1m5178[22m/[39m
[2m오전 3:36:46[22m [36m[1m[vite][22m[39m [90m[2m(client)[22m[39m [32mpage reload [39m[2mreports-detail-final-5178-v2.png[22m
[2m오전 3:37:07[22m [36m[1m[vite][22m[39m [90m[2m(client)[22m[39m [32mpage reload [39m[2msrc/App.tsx[22m
[2m오전 3:38:25[22m [36m[1m[vite][22m[39m [90m[2m(client)[22m[39m [32mhmr update [39m[2m/src/App.tsx, /src/styles/index.css[22m
[2m오전 3:38:31[22m [36m[1m[vite][22m[39m [90m[2m(client)[22m[39m [32mhmr update [39m[2m/src/styles/index.css[22m
[2m오전 3:38:34[22m [36m[1m[vite][22m[39m [90m[2m(client)[22m[39m [32mhmr update [39m[2m/src/components/admin/AdminLayout.tsx, /src/styles/index.css[22m
[2m오전 3:39:03[22m [36m[1m[vite][22m[39m [90m[2m(client)[22m[39m [32mhmr update [39m[2m/src/App.tsx, /src/styles/index.css[22m
[2m오전 3:39:15[22m [36m[1m[vite][22m[39m [90m[2m(client)[22m[39m [32mhmr update [39m[2m/src/components/admin/AdminLayout.tsx, /src/styles/index.css[22m
[2m오전 3:40:21[22m [36m[1m[vite][22m[39m [90m[2m(client)[22m[39m [32mhmr update [39m[2m/src/pages/admin/ReportExportPage.tsx, /src/styles/index.css[22m
[2m오전 3:40:42[22m [36m[1m[vite][22m[39m [90m[2m(client)[22m[39m [32mhmr update [39m[2m/src/App.tsx, /src/styles/index.css[22m
[2m오전 3:40:58[22m [36m[1m[vite][22m[39m [90m[2m(client)[22m[39m [32mhmr update [39m[2m/src/components/admin/AdminLayout.tsx, /src/styles/index.css[22m
[2m오전 3:41:34[22m [36m[1m[vite][22m[39m [90m[2m(client)[22m[39m [32mhmr update [39m[2m/src/pages/admin/ReportExportPage.tsx, /src/styles/index.css[22m
[2m오전 3:41:52[22m [36m[1m[vite][22m[39m [90m[2m(client)[22m[39m [32mhmr update [39m[2m/src/styles/index.css[22m
[2m오전 3:42:11[22m [36m[1m[vite][22m[39m [90m[2m(client)[22m[39m [32mhmr update [39m[2m/src/App.tsx, /src/styles/index.css[22m
[2m오전 3:42:44[22m [36m[1m[vite][22m[39m [90m[2m(client)[22m[39m [32mhmr update [39m[2m/src/App.tsx, /src/styles/index.css[22m
[2m오전 3:42:54[22m [36m[1m[vite][22m[39m [90m[2m(client)[22m[39m [32mhmr update [39m[2m/src/components/admin/AdminLayout.tsx, /src/styles/index.css[22m
[2m오전 3:44:20[22m [36m[1m[vite][22m[39m [90m[2m(client)[22m[39m [32mhmr update [39m[2m/src/styles/index.css[22m
[2m오전 3:44:42[22m [36m[1m[vite][22m[39m [90m[2m(client)[22m[39m [32mhmr update [39m[2m/src/pages/admin/ReportExportPage.tsx, /src/styles/index.css[22m
[2m오전 3:45:18[22m [36m[1m[vite][22m[39m [90m[2m(client)[22m[39m [32mhmr update [39m[2m/src/pages/admin/AdminRoutesPage.tsx, /src/styles/index.css[22m
[2m오전 3:47:06[22m [36m[1m[vite][22m[39m [90m[2m(client)[22m[39m [32mhmr update [39m[2m/src/pages/admin/ReportExportPage.tsx, /src/styles/index.css[22m
[2m오전 3:48:10[22m [36m[1m[vite][22m[39m [90m[2m(client)[22m[39m [32mhmr update [39m[2m/src/pages/admin/ReportExportPage.tsx, /src/styles/index.css[22m
[2m오전 3:49:06[22m [36m[1m[vite][22m[39m [90m[2m(client)[22m[39m [32mhmr update [39m[2m/src/pages/admin/AdminRoutesPage.tsx, /src/styles/index.css[22m
[2m오전 3:49:29[22m [36m[1m[vite][22m[39m [90m[2m(client)[22m[39m [32mhmr update [39m[2m/src/pages/admin/ReportExportPage.tsx, /src/styles/index.css[22m
[2m오전 3:50:32[22m [36m[1m[vite][22m[39m [90m[2m(client)[22m[39m [32mhmr update [39m[2m/src/styles/index.css[22m
